<?xml version="1.0" encoding="UTF-8"?>
<!-- Generated by org.testng.reporters.JUnitReportReporter -->
<testsuite hostname="DESKTOP-C2I0Q31" failures="0" tests="1" name="com.qa.apitest.PostAPITest" time="1.908" errors="0" timestamp="2019-12-30T10:12:07 IST" skipped="0">
  <testcase classname="com.qa.apitest.PostAPITest" name="Post" time="1.908"/>
</testsuite> <!-- com.qa.apitest.PostAPITest -->
