<?xml version="1.0" encoding="UTF-8"?>
<!-- Generated by org.testng.reporters.JUnitReportReporter -->
<testsuite hostname="DESKTOP-C2I0Q31" failures="0" tests="1" name="com.qa.apitest.DeleteAPITest" time="1.612" errors="0" timestamp="2019-12-30T10:36:55 IST" skipped="0">
  <testcase classname="com.qa.apitest.DeleteAPITest" name="Delete" time="1.612"/>
</testsuite> <!-- com.qa.apitest.DeleteAPITest -->
