<?xml version="1.0" encoding="UTF-8"?>
<!-- Generated by org.testng.reporters.JUnitReportReporter -->
<testsuite hostname="DESKTOP-C2I0Q31" failures="0" tests="1" name="com.qa.apitest.PutAPITest" time="2.013" errors="0" timestamp="2019-12-30T10:17:28 IST" skipped="0">
  <testcase classname="com.qa.apitest.PutAPITest" name="Put" time="2.013"/>
</testsuite> <!-- com.qa.apitest.PutAPITest -->
