<?xml version="1.0" encoding="UTF-8"?>
<!-- Generated by org.testng.reporters.JUnitReportReporter -->
<testsuite hostname="DESKTOP-C2I0Q31" failures="0" tests="1" name="com.qa.apitest.GetAPITest" time="3.037" errors="0" timestamp="2019-12-28T17:11:32 IST" skipped="0">
  <testcase classname="com.qa.apitest.GetAPITest" name="Get" time="3.037"/>
</testsuite> <!-- com.qa.apitest.GetAPITest -->
